<?xml version="1.0" encoding="UTF-8"?>
<!-- Generated by org.testng.reporters.JUnitXMLReporter -->
<testsuite ignored="0" hostname="W10-VDI-WDW4194" failures="0" tests="5" name="Assignment_ltts_Suite" time="8.708" errors="0" timestamp="2021-09-02T23:21:12 IST">
  <testcase classname="com.httpmethods.cases.ID_01_Create_Avengers_Characters" name="createCharacter_Names" time="5.224"/>
  <testcase classname="com.httpmethods.cases.ID_02_GET_User_Details" name="getUser_Details" time="0.305"/>
  <testcase classname="com.httpmethods.cases.ID_03_Modify_User_Details" name="modify_UserDetails" time="0.435"/>
  <testcase classname="com.httpmethods.cases.ID_04_Verify_Invalid_Request" name="verify_Invalid_Request" time="0.799"/>
  <testcase classname="com.httpmethods.cases.ID_05_Verify_Invalid_Endpoint" name="verify_Invalid_Endpoint" time="0.442"/>
</testsuite> <!-- Assignment_ltts_Suite -->
